<?xml version="1.0" encoding="UTF-8"?>
<!-- Generated by org.testng.reporters.JUnitReportReporter -->
<testsuite hostname="vm-lab21-19-372" failures="0" tests="1" name="RestAssuredPrograms.BasicAuth" time="3.901" errors="0" timestamp="2024-09-11T08:50:40 UTC" skipped="0">
  <testcase classname="RestAssuredPrograms.BasicAuth" name="getUserData" time="3.901"/>
</testsuite> <!-- RestAssuredPrograms.BasicAuth -->
