<?xml version="1.0" encoding="UTF-8"?>
<!-- Generated by org.testng.reporters.JUnitReportReporter -->
<testsuite hostname="vm-lab21-19-372" failures="0" tests="1" name="SeleniumDemo.PropertiesDemo" time="0.012" errors="0" timestamp="2024-09-20T03:52:00 UTC" skipped="0">
  <testcase classname="SeleniumDemo.PropertiesDemo" name="readData" time="0.012"/>
</testsuite> <!-- SeleniumDemo.PropertiesDemo -->
