<?xml version="1.0" encoding="UTF-8"?>
<!-- Generated by org.testng.reporters.JUnitReportReporter -->
<testsuite hostname="vm-lab21-19-372" failures="0" tests="1" name="RediffTCs.RediffLoginTC" time="32.319" errors="0" timestamp="2024-09-19T08:49:42 UTC" skipped="0">
  <testcase classname="RediffTCs.RediffLoginTC" name="rediffTC1" time="32.319"/>
</testsuite> <!-- RediffTCs.RediffLoginTC -->
