<?xml version="1.0" encoding="UTF-8"?>
<!-- Generated by org.testng.reporters.JUnitReportReporter -->
<testsuite hostname="vm-lab21-19-372" failures="0" tests="2" name="SeleniumDemo.ExplicitWaitDemo" time="4.107" errors="0" timestamp="2024-09-20T04:20:23 UTC" skipped="1">
  <testcase classname="SeleniumDemo.ExplicitWaitDemo" name="hotelApp" time="4.107"/>
  <testcase classname="SeleniumDemo.ExplicitWaitDemo" name="dynamicTC2">
    <skipped/>
  </testcase> <!-- dynamicTC2 -->
</testsuite> <!-- SeleniumDemo.ExplicitWaitDemo -->
