<?xml version="1.0" encoding="UTF-8"?>
<!-- Generated by org.testng.reporters.JUnitReportReporter -->
<testsuite hostname="vm-lab21-19-372" failures="0" tests="2" name="SeleniumDemo.SpiceJetDemo" time="28.361" errors="0" timestamp="2024-09-24T09:50:31 UTC" skipped="1">
  <testcase classname="SeleniumDemo.SpiceJetDemo" name="DaysCount" time="28.361"/>
  <testcase classname="SeleniumDemo.SpiceJetDemo" name="spiceJetScenario">
    <skipped/>
  </testcase> <!-- spiceJetScenario -->
</testsuite> <!-- SeleniumDemo.SpiceJetDemo -->
