<?xml version="1.0" encoding="UTF-8"?>
<!-- Generated by org.testng.reporters.JUnitReportReporter -->
<testsuite hostname="vm-lab21-19-372" failures="0" tests="1" name="SeleniumDemo.FrameDemo" time="6.641" errors="0" timestamp="2024-09-19T09:00:36 UTC" skipped="0">
  <testcase classname="SeleniumDemo.FrameDemo" name="frameTC1" time="6.641"/>
</testsuite> <!-- SeleniumDemo.FrameDemo -->
