<?xml version="1.0" encoding="UTF-8"?>
<!-- Generated by org.testng.reporters.JUnitReportReporter -->
<testsuite hostname="vm-lab21-19-372" failures="0" tests="1" name="SeleniumDemo.ChromeDemo2" time="2.552" errors="0" timestamp="2024-09-19T04:03:36 UTC" skipped="0">
  <testcase classname="SeleniumDemo.ChromeDemo2" name="testSearch" time="2.552"/>
</testsuite> <!-- SeleniumDemo.ChromeDemo2 -->
