<?xml version="1.0" encoding="UTF-8"?>
<!-- Generated by org.testng.reporters.JUnitReportReporter -->
<testsuite hostname="vm-lab21-19-372" failures="0" tests="1" name="SeleniumDemo.ExtentReportsDemo" time="6.948" errors="0" timestamp="2024-09-25T08:53:22 UTC" skipped="0">
  <testcase classname="SeleniumDemo.ExtentReportsDemo" name="verifyHomePageTitle" time="6.948"/>
</testsuite> <!-- SeleniumDemo.ExtentReportsDemo -->
