<?xml version="1.0" encoding="UTF-8"?>
<!-- Generated by org.testng.reporters.JUnitReportReporter -->
<testsuite hostname="vm-lab21-19-372" failures="0" tests="1" name="RediffTCs.RediffLoginProperties" time="7.706" errors="0" timestamp="2024-09-25T09:14:07 UTC" skipped="0">
  <testcase classname="RediffTCs.RediffLoginProperties" name="rediffTC1" time="7.706"/>
</testsuite> <!-- RediffTCs.RediffLoginProperties -->
