<?xml version="1.0" encoding="UTF-8"?>
<!-- Generated by org.testng.reporters.JUnitReportReporter -->
<testsuite hostname="vm-lab21-19-372" failures="0" tests="1" name="SplitandAdd.SplitandAdd.TestngDemo" time="0.023" errors="0" timestamp="2024-09-06T05:18:06 UTC" skipped="0">
  <testcase classname="SplitandAdd.SplitandAdd.TestngDemo" name="demo" time="0.023"/>
</testsuite> <!-- SplitandAdd.SplitandAdd.TestngDemo -->
