<?xml version="1.0" encoding="UTF-8"?>
<!-- Generated by org.testng.reporters.JUnitReportReporter -->
<testsuite hostname="vm-lab21-19-372" failures="0" tests="1" name="SeleniumDemo.OrangeExcel" time="97.697" errors="0" timestamp="2024-09-24T07:25:25 UTC" skipped="0">
  <testcase classname="SeleniumDemo.OrangeExcel" name="OrangeTC1" time="97.697"/>
</testsuite> <!-- SeleniumDemo.OrangeExcel -->
