<?xml version="1.0" encoding="UTF-8"?>
<!-- Generated by org.testng.reporters.JUnitReportReporter -->
<testsuite hostname="vm-lab21-19-372" failures="0" tests="1" name="SeleniumDemo.HotelProperties" time="3.797" errors="0" timestamp="2024-09-20T04:35:17 UTC" skipped="0">
  <testcase classname="SeleniumDemo.HotelProperties" name="hotelApp" time="3.797"/>
</testsuite> <!-- SeleniumDemo.HotelProperties -->
