<?xml version="1.0" encoding="UTF-8"?>
<!-- Generated by org.testng.reporters.JUnitReportReporter -->
<testsuite hostname="vm-lab21-19-372" failures="0" tests="3" name="RestAssuredPrograms.RestAssuredDemo1" time="179.229" errors="0" timestamp="2024-10-05T07:15:08 UTC" skipped="2">
  <testcase classname="RestAssuredPrograms.RestAssuredDemo1" name="testGetAllProducts" time="179.229"/>
  <testcase classname="RestAssuredPrograms.RestAssuredDemo1" name="getUsers">
    <skipped/>
  </testcase> <!-- getUsers -->
  <testcase classname="RestAssuredPrograms.RestAssuredDemo1" name="testGetUsers">
    <skipped/>
  </testcase> <!-- testGetUsers -->
</testsuite> <!-- RestAssuredPrograms.RestAssuredDemo1 -->
