<?xml version="1.0" encoding="UTF-8"?>
<!-- Generated by org.testng.reporters.JUnitReportReporter -->
<testsuite hostname="vm-lab21-19-372" failures="0" tests="4" name="SeleniumDemo.LoginTest" time="0.012" errors="0" timestamp="2024-09-23T06:57:01 UTC" skipped="0">
  <testcase classname="SeleniumDemo.LoginTest" name="testLogin" time="0.001"/>
  <testcase classname="SeleniumDemo.LoginTest" name="testLogin" time="0.001"/>
  <testcase classname="SeleniumDemo.LoginTest" name="testLogin" time="0.008"/>
  <testcase classname="SeleniumDemo.LoginTest" name="testLogin" time="0.002"/>
</testsuite> <!-- SeleniumDemo.LoginTest -->
