<?xml version="1.0" encoding="UTF-8"?>
<!-- Generated by org.testng.reporters.JUnitReportReporter -->
<testsuite hostname="vm-lab21-19-372" failures="0" tests="1" name="SeleniumDemo.OrangeHRMPropertiesDemo" time="12.568" errors="0" timestamp="2024-09-23T10:08:47 UTC" skipped="0">
  <testcase classname="SeleniumDemo.OrangeHRMPropertiesDemo" name="OrangeTC1" time="12.568"/>
</testsuite> <!-- SeleniumDemo.OrangeHRMPropertiesDemo -->
