<?xml version="1.0" encoding="UTF-8"?>
<!-- Generated by org.testng.reporters.JUnitReportReporter -->
<testsuite hostname="vm-lab21-19-372" failures="0" tests="1" name="SeleniumDemo.ReadExcel" time="1.591" errors="0" timestamp="2024-09-24T07:02:29 UTC" skipped="0">
  <testcase classname="SeleniumDemo.ReadExcel" name="readData" time="1.591"/>
</testsuite> <!-- SeleniumDemo.ReadExcel -->
