<?xml version="1.0" encoding="UTF-8"?>
<!-- Generated by org.testng.reporters.JUnitReportReporter -->
<testsuite hostname="vm-lab21-19-372" failures="0" tests="1" name="SeleniumDemo.MultipleWindows" time="9.894" errors="0" timestamp="2024-09-19T06:10:02 UTC" skipped="0">
  <testcase classname="SeleniumDemo.MultipleWindows" name="googleAccountPage" time="9.894"/>
</testsuite> <!-- SeleniumDemo.MultipleWindows -->
